Arguments: 
  /Users/proghany/.nvm/versions/node/v12.18.2/bin/node /usr/local/Cellar/yarn/1.12.3/libexec/bin/yarn.js add express cors bodyparser

PATH: 
  /Users/proghany/.rvm/gems/ruby-2.6.5/bin:/Users/proghany/.rvm/gems/ruby-2.6.5@global/bin:/Users/proghany/.rvm/rubies/ruby-2.6.5/bin:/Users/proghany/Applications/java-1.8.202_mac/bin:/Users/proghany/.nvm/versions/node/v12.18.2/bin:/usr/local/bin:/usr/bin:/bin:/usr/sbin:/sbin:/Users/proghany/.bin/:/Users/proghany/.rvm/bin

Yarn version: 
  1.12.3

Node version: 
  12.18.2

Platform: 
  darwin x64

Trace: 
  Error: https://registry.npmjs.com/bodyparser: Not found
      at Request.params.callback [as _callback] (/usr/local/Cellar/yarn/1.12.3/libexec/lib/cli.js:65894:18)
      at Request.self.callback (/usr/local/Cellar/yarn/1.12.3/libexec/lib/cli.js:129018:22)
      at Request.emit (events.js:315:20)
      at Request.<anonymous> (/usr/local/Cellar/yarn/1.12.3/libexec/lib/cli.js:129990:10)
      at Request.emit (events.js:315:20)
      at IncomingMessage.<anonymous> (/usr/local/Cellar/yarn/1.12.3/libexec/lib/cli.js:129912:12)
      at Object.onceWrapper (events.js:421:28)
      at IncomingMessage.emit (events.js:327:22)
      at endReadableNT (_stream_readable.js:1221:12)
      at processTicksAndRejections (internal/process/task_queues.js:84:21)

npm manifest: 
  No manifest

yarn manifest: 
  No manifest

Lockfile: 
  No lockfile
